# JRE version: Java(TM) SE Runtime Environment (11.0.4+10) (build 11.0.4+10-LTS)
# Java VM: Java HotSpot(TM) 64-Bit Server VM (11.0.4+10-LTS, mixed mode, tiered, compressed oops, g1 gc, windows-amd64)
Heap:
 garbage-first heap   total 131072K, used 58766K [0x0000000081c00000, 0x0000000100000000)
  region size 1024K, 55 young (56320K), 8 survivors (8192K)
 Metaspace       used 40953K, capacity 42262K, committed 42416K, reserved 1085440K
  class space    used 5012K, capacity 5532K, committed 5632K, reserved 1048576K
GC Heap History (8 events):
Event: 1.453 GC heap before
{Heap before GC invocations=0 (full 0):
 garbage-first heap   total 131072K, used 23552K [0x0000000081c00000, 0x0000000100000000)
  region size 1024K, 24 young (24576K), 0 survivors (0K)
 Metaspace       used 12598K, capacity 12887K, committed 12928K, reserved 1060864K
  class space    used 1299K, capacity 1401K, committed 1408K, reserved 1048576K
}
Event: 1.457 GC heap after
{Heap after GC invocations=1 (full 0):
 garbage-first heap   total 131072K, used 4151K [0x0000000081c00000, 0x0000000100000000)
  region size 1024K, 3 young (3072K), 3 survivors (3072K)
 Metaspace       used 12598K, capacity 12887K, committed 12928K, reserved 1060864K
  class space    used 1299K, capacity 1401K, committed 1408K, reserved 1048576K
}
Event: 2.068 GC heap before
{Heap before GC invocations=1 (full 0):
 garbage-first heap   total 131072K, used 72759K [0x0000000081c00000, 0x0000000100000000)
  region size 1024K, 72 young (73728K), 3 survivors (3072K)
 Metaspace       used 20669K, capacity 21159K, committed 21296K, reserved 1069056K
  class space    used 2450K, capacity 2652K, committed 2688K, reserved 1048576K
}
Event: 2.076 GC heap after
{Heap after GC invocations=2 (full 0):
 garbage-first heap   total 131072K, used 6932K [0x0000000081c00000, 0x0000000100000000)
  region size 1024K, 6 young (6144K), 6 survivors (6144K)
 Metaspace       used 20669K, capacity 21159K, committed 21296K, reserved 1069056K
  class space    used 2450K, capacity 2652K, committed 2688K, reserved 1048576K
}
Event: 2.574 GC heap before
{Heap before GC invocations=3 (full 0):
 garbage-first heap   total 131072K, used 75540K [0x0000000081c00000, 0x0000000100000000)
  region size 1024K, 74 young (75776K), 6 survivors (6144K)
 Metaspace       used 27406K, capacity 28290K, committed 28464K, reserved 1075200K
  class space    used 3345K, capacity 3680K, committed 3712K, reserved 1048576K
}
Event: 2.585 GC heap after
{Heap after GC invocations=4 (full 0):
 garbage-first heap   total 131072K, used 9050K [0x0000000081c00000, 0x0000000100000000)
  region size 1024K, 5 young (5120K), 5 survivors (5120K)
 Metaspace       used 27406K, capacity 28290K, committed 28464K, reserved 1075200K
  class space    used 3345K, capacity 3680K, committed 3712K, reserved 1048576K
}
Event: 3.300 GC heap before
{Heap before GC invocations=4 (full 0):
 garbage-first heap   total 131072K, used 68442K [0x0000000081c00000, 0x0000000100000000)
  region size 1024K, 64 young (65536K), 5 survivors (5120K)
 Metaspace       used 34739K, capacity 35783K, committed 35888K, reserved 1081344K
  class space    used 4240K, capacity 4657K, committed 4736K, reserved 1048576K
}
Event: 3.311 GC heap after
{Heap after GC invocations=5 (full 0):
 garbage-first heap   total 131072K, used 11662K [0x0000000081c00000, 0x0000000100000000)
  region size 1024K, 8 young (8192K), 8 survivors (8192K)
 Metaspace       used 34739K, capacity 35783K, committed 35888K, reserved 1081344K
  class space    used 4240K, capacity 4657K, committed 4736K, reserved 1048576K
}

